<?xml version="1.0" encoding="UTF-8"?>
<!-- Generated by org.testng.reporters.JUnitReportReporter -->
<testsuite hostname="Ishan" failures="0" tests="1" name="com.learn.testcases.LoginTest" time="7.299" errors="0" timestamp="11 Oct 2020 13:25:58 GMT" skipped="0">
  <testcase classname="com.learn.testcases.LoginTest" name="login" time="7.299"/>
</testsuite> <!-- com.learn.testcases.LoginTest -->
